# JRE version: OpenJDK Runtime Environment Microsoft-8035246 (17.0.8+7) (build 17.0.8+7-LTS)
# Java VM: OpenJDK 64-Bit Server VM Microsoft-8035246 (17.0.8+7-LTS, mixed mode, sharing, tiered, compressed oops, compressed class ptrs, g1 gc, windows-amd64)
GC Precious Log:
 CPUs: 4 total, 4 available
 Memory: 11950M
 Large Page Support: Disabled
 NUMA Support: Disabled
 Compressed Oops: Enabled (32-bit)
 Heap Region Size: 1M
 Heap Min Capacity: 8M
 Heap Initial Capacity: 188M
 Heap Max Capacity: 2G
 Pre-touch: Disabled
 Parallel Workers: 4
 Concurrent Workers: 1
 Concurrent Refinement Workers: 4
 Periodic GC: Disabled
Heap:
 garbage-first heap   total 189440K, used 159443K [0x0000000080000000, 0x0000000100000000)
  region size 1024K, 4 young (4096K), 1 survivors (1024K)
 Metaspace       used 98165K, committed 99072K, reserved 557056K
  class space    used 13709K, committed 14144K, reserved 425984K
GC Heap History (20 events):
Event: 153.564 GC heap before
{Heap before GC invocations=61 (full 0):
 garbage-first heap   total 189440K, used 162404K [0x0000000080000000, 0x0000000100000000)
  region size 1024K, 19 young (19456K), 3 survivors (3072K)
 Metaspace       used 96728K, committed 97728K, reserved 557056K
  class space    used 13539K, committed 14016K, reserved 425984K
}
Event: 153.570 GC heap after
{Heap after GC invocations=62 (full 0):
 garbage-first heap   total 189440K, used 147677K [0x0000000080000000, 0x0000000100000000)
  region size 1024K, 2 young (2048K), 2 survivors (2048K)
 Metaspace       used 96728K, committed 97728K, reserved 557056K
  class space    used 13539K, committed 14016K, reserved 425984K
}
Event: 154.186 GC heap before
{Heap before GC invocations=62 (full 0):
 garbage-first heap   total 189440K, used 164061K [0x0000000080000000, 0x0000000100000000)
  region size 1024K, 18 young (18432K), 2 survivors (2048K)
 Metaspace       used 97021K, committed 97984K, reserved 557056K
  class space    used 13573K, committed 14016K, reserved 425984K
}
Event: 154.193 GC heap after
{Heap after GC invocations=63 (full 0):
 garbage-first heap   total 189440K, used 149670K [0x0000000080000000, 0x0000000100000000)
  region size 1024K, 3 young (3072K), 3 survivors (3072K)
 Metaspace       used 97021K, committed 97984K, reserved 557056K
  class space    used 13573K, committed 14016K, reserved 425984K
}
Event: 154.682 GC heap before
{Heap before GC invocations=63 (full 0):
 garbage-first heap   total 189440K, used 162982K [0x0000000080000000, 0x0000000100000000)
  region size 1024K, 16 young (16384K), 3 survivors (3072K)
 Metaspace       used 97209K, committed 98112K, reserved 557056K
  class space    used 13589K, committed 14016K, reserved 425984K
}
Event: 154.691 GC heap after
{Heap after GC invocations=64 (full 0):
 garbage-first heap   total 189440K, used 151311K [0x0000000080000000, 0x0000000100000000)
  region size 1024K, 2 young (2048K), 2 survivors (2048K)
 Metaspace       used 97209K, committed 98112K, reserved 557056K
  class space    used 13589K, committed 14016K, reserved 425984K
}
Event: 155.219 GC heap before
{Heap before GC invocations=64 (full 0):
 garbage-first heap   total 189440K, used 162575K [0x0000000080000000, 0x0000000100000000)
  region size 1024K, 14 young (14336K), 2 survivors (2048K)
 Metaspace       used 97613K, committed 98560K, reserved 557056K
  class space    used 13654K, committed 14080K, reserved 425984K
}
Event: 155.227 GC heap after
{Heap after GC invocations=65 (full 0):
 garbage-first heap   total 189440K, used 152529K [0x0000000080000000, 0x0000000100000000)
  region size 1024K, 2 young (2048K), 2 survivors (2048K)
 Metaspace       used 97613K, committed 98560K, reserved 557056K
  class space    used 13654K, committed 14080K, reserved 425984K
}
Event: 155.708 GC heap before
{Heap before GC invocations=65 (full 0):
 garbage-first heap   total 189440K, used 163793K [0x0000000080000000, 0x0000000100000000)
  region size 1024K, 14 young (14336K), 2 survivors (2048K)
 Metaspace       used 97720K, committed 98688K, reserved 557056K
  class space    used 13656K, committed 14080K, reserved 425984K
}
Event: 155.712 GC heap after
{Heap after GC invocations=66 (full 0):
 garbage-first heap   total 189440K, used 152932K [0x0000000080000000, 0x0000000100000000)
  region size 1024K, 2 young (2048K), 2 survivors (2048K)
 Metaspace       used 97720K, committed 98688K, reserved 557056K
  class space    used 13656K, committed 14080K, reserved 425984K
}
Event: 156.198 GC heap before
{Heap before GC invocations=66 (full 0):
 garbage-first heap   total 189440K, used 165220K [0x0000000080000000, 0x0000000100000000)
  region size 1024K, 14 young (14336K), 2 survivors (2048K)
 Metaspace       used 97849K, committed 98816K, reserved 557056K
  class space    used 13661K, committed 14144K, reserved 425984K
}
Event: 156.205 GC heap after
{Heap after GC invocations=67 (full 0):
 garbage-first heap   total 189440K, used 153284K [0x0000000080000000, 0x0000000100000000)
  region size 1024K, 1 young (1024K), 1 survivors (1024K)
 Metaspace       used 97849K, committed 98816K, reserved 557056K
  class space    used 13661K, committed 14144K, reserved 425984K
}
Event: 156.697 GC heap before
{Heap before GC invocations=67 (full 0):
 garbage-first heap   total 189440K, used 165572K [0x0000000080000000, 0x0000000100000000)
  region size 1024K, 14 young (14336K), 1 survivors (1024K)
 Metaspace       used 98020K, committed 98944K, reserved 557056K
  class space    used 13689K, committed 14144K, reserved 425984K
}
Event: 156.702 GC heap after
{Heap after GC invocations=68 (full 0):
 garbage-first heap   total 189440K, used 153744K [0x0000000080000000, 0x0000000100000000)
  region size 1024K, 2 young (2048K), 2 survivors (2048K)
 Metaspace       used 98020K, committed 98944K, reserved 557056K
  class space    used 13689K, committed 14144K, reserved 425984K
}
Event: 157.188 GC heap before
{Heap before GC invocations=68 (full 0):
 garbage-first heap   total 189440K, used 165008K [0x0000000080000000, 0x0000000100000000)
  region size 1024K, 14 young (14336K), 2 survivors (2048K)
 Metaspace       used 98154K, committed 99072K, reserved 557056K
  class space    used 13709K, committed 14144K, reserved 425984K
}
Event: 157.195 GC heap after
{Heap after GC invocations=69 (full 0):
 garbage-first heap   total 189440K, used 156517K [0x0000000080000000, 0x0000000100000000)
  region size 1024K, 2 young (2048K), 2 survivors (2048K)
 Metaspace       used 98154K, committed 99072K, reserved 557056K
  class space    used 13709K, committed 14144K, reserved 425984K
}
Event: 157.782 GC heap before
{Heap before GC invocations=69 (full 0):
 garbage-first heap   total 189440K, used 164709K [0x0000000080000000, 0x0000000100000000)
  region size 1024K, 11 young (11264K), 2 survivors (2048K)
 Metaspace       used 98157K, committed 99072K, reserved 557056K
  class space    used 13709K, committed 14144K, reserved 425984K
}
Event: 157.789 GC heap after
{Heap after GC invocations=70 (full 0):
 garbage-first heap   total 189440K, used 157103K [0x0000000080000000, 0x0000000100000000)
  region size 1024K, 1 young (1024K), 1 survivors (1024K)
 Metaspace       used 98157K, committed 99072K, reserved 557056K
  class space    used 13709K, committed 14144K, reserved 425984K
}
Event: 158.218 GC heap before
{Heap before GC invocations=70 (full 0):
 garbage-first heap   total 189440K, used 165295K [0x0000000080000000, 0x0000000100000000)
  region size 1024K, 9 young (9216K), 1 survivors (1024K)
 Metaspace       used 98158K, committed 99072K, reserved 557056K
  class space    used 13709K, committed 14144K, reserved 425984K
}
Event: 158.221 GC heap after
{Heap after GC invocations=71 (full 0):
 garbage-first heap   total 189440K, used 157395K [0x0000000080000000, 0x0000000100000000)
  region size 1024K, 1 young (1024K), 1 survivors (1024K)
 Metaspace       used 98158K, committed 99072K, reserved 557056K
  class space    used 13709K, committed 14144K, reserved 425984K
}

